[0.377s] Invoking command in '/home/px/arduino_ws/build/my_robot_interfaces': CMAKE_PREFIX_PATH=${CMAKE_PREFIX_PATH}:/home/px/arduino_ws/install/py_launch_example:/home/px/arduino_ws/install/arduino_control:/opt/ros/humble /usr/bin/cmake --build /home/px/arduino_ws/build/my_robot_interfaces -- -j8 -l8
[0.420s] -- Found ament_cmake: 1.3.8 (/opt/ros/humble/share/ament_cmake/cmake)
[0.643s] -- Override CMake install command with custom implementation using symlinks instead of copying resources
[0.661s] -- Found geometry_msgs: 4.2.3 (/opt/ros/humble/share/geometry_msgs/cmake)
[0.718s] -- Found rosidl_generator_c: 3.1.5 (/opt/ros/humble/share/rosidl_generator_c/cmake)
[0.725s] -- Found rosidl_adapter: 3.1.5 (/opt/ros/humble/share/rosidl_adapter/cmake)
[0.737s] -- Found rosidl_generator_cpp: 3.1.5 (/opt/ros/humble/share/rosidl_generator_cpp/cmake)
[0.759s] -- Using all available rosidl_typesupport_c: rosidl_typesupport_fastrtps_c;rosidl_typesupport_introspection_c
[0.786s] -- Using all available rosidl_typesupport_cpp: rosidl_typesupport_fastrtps_cpp;rosidl_typesupport_introspection_cpp
[0.989s] -- Found rosidl_default_generators: 1.2.0 (/opt/ros/humble/share/rosidl_default_generators/cmake)
[1.336s] [31mCMake Error at /opt/ros/humble/share/rosidl_adapter/cmake/rosidl_adapt_interfaces.cmake:59 (message):
[1.336s]   execute_process(/usr/bin/python3 -m rosidl_adapter --package-name
[1.336s]   my_robot_interfaces --arguments-file
[1.336s]   /home/px/arduino_ws/build/my_robot_interfaces/rosidl_adapter__arguments__my_robot_interfaces.json
[1.336s]   --output-dir
[1.336s]   /home/px/arduino_ws/build/my_robot_interfaces/rosidl_adapter/my_robot_interfaces
[1.336s]   --output-file
[1.336s]   /home/px/arduino_ws/build/my_robot_interfaces/rosidl_adapter/my_robot_interfaces.idls)
[1.337s]   returned error code 1:
[1.337s] 
[1.337s]   Error processing 'float nearest_distance1' of
[1.337s]   'my_robot_interfaces/FindObstacle': ''float' is an invalid message name.
[1.337s]   It should have the pattern '^[A-Z][A-Za-z0-9]*$''
[1.337s] 
[1.337s]   Traceback (most recent call last):
[1.338s] 
[1.338s]     File "/usr/lib/python3.10/runpy.py", line 196, in _run_module_as_main
[1.338s]       return _run_code(code, main_globals, None,
[1.338s]     File "/usr/lib/python3.10/runpy.py", line 86, in _run_code
[1.338s]       exec(code, run_globals)
[1.338s]     File "/opt/ros/humble/local/lib/python3.10/dist-packages/rosidl_adapter/__main__.py", line 19, in <module>
[1.338s]       sys.exit(main())
[1.338s]     File "/opt/ros/humble/local/lib/python3.10/dist-packages/rosidl_adapter/main.py", line 53, in main
[1.339s]       abs_idl_file = convert_to_idl(
[1.339s]     File "/opt/ros/humble/local/lib/python3.10/dist-packages/rosidl_adapter/__init__.py", line 19, in convert_to_idl
[1.339s]       return convert_msg_to_idl(
[1.339s]     File "/opt/ros/humble/local/lib/python3.10/dist-packages/rosidl_adapter/msg/__init__.py", line 28, in convert_msg_to_idl
[1.339s]       msg = parse_message_string(package_name, input_file.stem, content)
[1.339s]     File "/opt/ros/humble/local/lib/python3.10/dist-packages/rosidl_adapter/parser.py", line 520, in parse_message_string
[1.339s]       Type(type_string, context_package_name=pkg_name),
[1.339s]     File "/opt/ros/humble/local/lib/python3.10/dist-packages/rosidl_adapter/parser.py", line 277, in __init__
[1.339s]       super(Type, self).__init__(
[1.339s]     File "/opt/ros/humble/local/lib/python3.10/dist-packages/rosidl_adapter/parser.py", line 205, in __init__
[1.340s]       raise InvalidResourceName(
[1.340s] 
[1.340s]   rosidl_adapter.parser.InvalidResourceName: 'float' is an invalid message
[1.340s]   name.  It should have the pattern '^[A-Z][A-Za-z0-9]*$'
[1.340s] 
[1.340s] Call Stack (most recent call first):
[1.340s]   /opt/ros/humble/share/rosidl_cmake/cmake/rosidl_generate_interfaces.cmake:130 (rosidl_adapt_interfaces)
[1.340s]   CMakeLists.txt:16 (rosidl_generate_interfaces)
[1.340s] 
[1.340s] [0m
[1.340s] -- Configuring incomplete, errors occurred!
[1.341s] See also "/home/px/arduino_ws/build/my_robot_interfaces/CMakeFiles/CMakeOutput.log".
[1.345s] gmake: *** [Makefile:1611: cmake_check_build_system] Error 1
[1.348s] Invoked command in '/home/px/arduino_ws/build/my_robot_interfaces' returned '2': CMAKE_PREFIX_PATH=${CMAKE_PREFIX_PATH}:/home/px/arduino_ws/install/py_launch_example:/home/px/arduino_ws/install/arduino_control:/opt/ros/humble /usr/bin/cmake --build /home/px/arduino_ws/build/my_robot_interfaces -- -j8 -l8
